{"C:\\Users\\Harshita_Srivastava\\Desktop\\complete web development\\NodeJs\\VidlyWebApp\\index.js": {"path":"C:\\Users\\Harshita_Srivastava\\Desktop\\complete web development\\NodeJs\\VidlyWebApp\\index.js","statementMap":{"0":{"start":{"line":1,"column":19},"end":{"line":1,"column":37}},"1":{"start":{"line":2,"column":19},"end":{"line":2,"column":37}},"2":{"start":{"line":3,"column":19},"end":{"line":3,"column":28}},"3":{"start":{"line":5,"column":0},"end":{"line":5,"column":28}},"4":{"start":{"line":6,"column":0},"end":{"line":6,"column":33}},"5":{"start":{"line":7,"column":0},"end":{"line":7,"column":26}},"6":{"start":{"line":8,"column":0},"end":{"line":8,"column":30}},"7":{"start":{"line":9,"column":0},"end":{"line":9,"column":31}},"8":{"start":{"line":12,"column":13},"end":{"line":12,"column":37}},"9":{"start":{"line":13,"column":15},"end":{"line":13,"column":72}},"10":{"start":{"line":13,"column":38},"end":{"line":13,"column":71}},"11":{"start":{"line":15,"column":0},"end":{"line":15,"column":24}}},"fnMap":{"0":{"name":"(anonymous_0)","decl":{"start":{"line":13,"column":32},"end":{"line":13,"column":33}},"loc":{"start":{"line":13,"column":38},"end":{"line":13,"column":71}},"line":13}},"branchMap":{"0":{"loc":{"start":{"line":12,"column":13},"end":{"line":12,"column":37}},"type":"binary-expr","locations":[{"start":{"line":12,"column":13},"end":{"line":12,"column":29}},{"start":{"line":12,"column":33},"end":{"line":12,"column":37}}],"line":12}},"s":{"0":3,"1":3,"2":3,"3":3,"4":3,"5":3,"6":3,"7":3,"8":3,"9":3,"10":2,"11":3},"f":{"0":2},"b":{"0":[3,3]},"_coverageSchema":"1a1c01bbd47fc00a2c39e90264f33305004495a9","hash":"eb5c44e86e1e78b073f6c5dcac72ce248ba51b5e"}
,"C:\\Users\\Harshita_Srivastava\\Desktop\\complete web development\\NodeJs\\VidlyWebApp\\middleware\\admin.js": {"path":"C:\\Users\\Harshita_Srivastava\\Desktop\\complete web development\\NodeJs\\VidlyWebApp\\middleware\\admin.js","statementMap":{"0":{"start":{"line":1,"column":0},"end":{"line":5,"column":1}},"1":{"start":{"line":2,"column":4},"end":{"line":2,"column":60}},"2":{"start":{"line":2,"column":26},"end":{"line":2,"column":60}},"3":{"start":{"line":4,"column":4},"end":{"line":4,"column":11}}},"fnMap":{"0":{"name":"(anonymous_0)","decl":{"start":{"line":1,"column":17},"end":{"line":1,"column":18}},"loc":{"start":{"line":1,"column":40},"end":{"line":5,"column":1}},"line":1}},"branchMap":{"0":{"loc":{"start":{"line":2,"column":4},"end":{"line":2,"column":60}},"type":"if","locations":[{"start":{"line":2,"column":4},"end":{"line":2,"column":60}},{"start":{"line":2,"column":4},"end":{"line":2,"column":60}}],"line":2}},"s":{"0":3,"1":0,"2":0,"3":0},"f":{"0":0},"b":{"0":[0,0]},"_coverageSchema":"1a1c01bbd47fc00a2c39e90264f33305004495a9","hash":"4692e78aa0874d8b7dfab58b314ec7280bb2cd0e"}
,"C:\\Users\\Harshita_Srivastava\\Desktop\\complete web development\\NodeJs\\VidlyWebApp\\middleware\\auth.js": {"path":"C:\\Users\\Harshita_Srivastava\\Desktop\\complete web development\\NodeJs\\VidlyWebApp\\middleware\\auth.js","statementMap":{"0":{"start":{"line":1,"column":17},"end":{"line":1,"column":34}},"1":{"start":{"line":2,"column":17},"end":{"line":2,"column":40}},"2":{"start":{"line":6,"column":18},"end":{"line":6,"column":43}},"3":{"start":{"line":7,"column":4},"end":{"line":7,"column":34}},"4":{"start":{"line":8,"column":4},"end":{"line":8,"column":79}},"5":{"start":{"line":8,"column":15},"end":{"line":8,"column":79}},"6":{"start":{"line":10,"column":4},"end":{"line":17,"column":5}},"7":{"start":{"line":11,"column":23},"end":{"line":11,"column":69}},"8":{"start":{"line":12,"column":7},"end":{"line":12,"column":25}},"9":{"start":{"line":13,"column":7},"end":{"line":13,"column":14}},"10":{"start":{"line":16,"column":7},"end":{"line":16,"column":45}},"11":{"start":{"line":20,"column":0},"end":{"line":20,"column":21}}},"fnMap":{"0":{"name":"auth","decl":{"start":{"line":4,"column":9},"end":{"line":4,"column":13}},"loc":{"start":{"line":4,"column":28},"end":{"line":18,"column":1}},"line":4}},"branchMap":{"0":{"loc":{"start":{"line":8,"column":4},"end":{"line":8,"column":79}},"type":"if","locations":[{"start":{"line":8,"column":4},"end":{"line":8,"column":79}},{"start":{"line":8,"column":4},"end":{"line":8,"column":79}}],"line":8}},"s":{"0":3,"1":3,"2":8,"3":8,"4":8,"5":2,"6":6,"7":6,"8":5,"9":5,"10":1,"11":3},"f":{"0":8},"b":{"0":[2,6]},"_coverageSchema":"1a1c01bbd47fc00a2c39e90264f33305004495a9","hash":"16d9fae036ce78724a4d7bc7c1fe8d26a3c18fca"}
,"C:\\Users\\Harshita_Srivastava\\Desktop\\complete web development\\NodeJs\\VidlyWebApp\\middleware\\error.js": {"path":"C:\\Users\\Harshita_Srivastava\\Desktop\\complete web development\\NodeJs\\VidlyWebApp\\middleware\\error.js","statementMap":{"0":{"start":{"line":1,"column":16},"end":{"line":1,"column":34}},"1":{"start":{"line":3,"column":0},"end":{"line":14,"column":1}},"2":{"start":{"line":13,"column":4},"end":{"line":13,"column":38}}},"fnMap":{"0":{"name":"(anonymous_0)","decl":{"start":{"line":3,"column":17},"end":{"line":3,"column":18}},"loc":{"start":{"line":3,"column":43},"end":{"line":14,"column":1}},"line":3}},"branchMap":{},"s":{"0":3,"1":3,"2":1},"f":{"0":1},"b":{},"_coverageSchema":"1a1c01bbd47fc00a2c39e90264f33305004495a9","hash":"6163e22b42c5837fcb83471a262dbf079cbeb0fc"}
,"C:\\Users\\Harshita_Srivastava\\Desktop\\complete web development\\NodeJs\\VidlyWebApp\\model\\customers.js": {"path":"C:\\Users\\Harshita_Srivastava\\Desktop\\complete web development\\NodeJs\\VidlyWebApp\\model\\customers.js","statementMap":{"0":{"start":{"line":1,"column":17},"end":{"line":1,"column":36}},"1":{"start":{"line":3,"column":23},"end":{"line":17,"column":2}},"2":{"start":{"line":19,"column":17},"end":{"line":19,"column":59}},"3":{"start":{"line":21,"column":0},"end":{"line":21,"column":35}}},"fnMap":{},"branchMap":{},"s":{"0":3,"1":3,"2":3,"3":3},"f":{},"b":{},"_coverageSchema":"1a1c01bbd47fc00a2c39e90264f33305004495a9","hash":"f722d8d507cf6ef4c83aa4ad550cb8c4bfd37848"}
,"C:\\Users\\Harshita_Srivastava\\Desktop\\complete web development\\NodeJs\\VidlyWebApp\\model\\genres.js": {"path":"C:\\Users\\Harshita_Srivastava\\Desktop\\complete web development\\NodeJs\\VidlyWebApp\\model\\genres.js","statementMap":{"0":{"start":{"line":1,"column":17},"end":{"line":1,"column":36}},"1":{"start":{"line":3,"column":21},"end":{"line":10,"column":2}},"2":{"start":{"line":12,"column":14},"end":{"line":12,"column":50}},"3":{"start":{"line":15,"column":19},"end":{"line":17,"column":5}},"4":{"start":{"line":19,"column":4},"end":{"line":19,"column":38}},"5":{"start":{"line":22,"column":0},"end":{"line":22,"column":29}},"6":{"start":{"line":23,"column":0},"end":{"line":23,"column":43}}},"fnMap":{"0":{"name":"validateGenre","decl":{"start":{"line":14,"column":9},"end":{"line":14,"column":22}},"loc":{"start":{"line":14,"column":30},"end":{"line":20,"column":1}},"line":14}},"branchMap":{},"s":{"0":3,"1":3,"2":3,"3":0,"4":0,"5":3,"6":3},"f":{"0":0},"b":{},"_coverageSchema":"1a1c01bbd47fc00a2c39e90264f33305004495a9","hash":"a1ed498ff29bed8ef3c6c474d2e420417b00c186"}
,"C:\\Users\\Harshita_Srivastava\\Desktop\\complete web development\\NodeJs\\VidlyWebApp\\model\\movies.js": {"path":"C:\\Users\\Harshita_Srivastava\\Desktop\\complete web development\\NodeJs\\VidlyWebApp\\model\\movies.js","statementMap":{"0":{"start":{"line":1,"column":17},"end":{"line":1,"column":36}},"1":{"start":{"line":2,"column":32},"end":{"line":2,"column":51}},"2":{"start":{"line":4,"column":20},"end":{"line":24,"column":2}},"3":{"start":{"line":26,"column":15},"end":{"line":26,"column":51}},"4":{"start":{"line":28,"column":0},"end":{"line":28,"column":30}}},"fnMap":{},"branchMap":{},"s":{"0":3,"1":3,"2":3,"3":3,"4":3},"f":{},"b":{},"_coverageSchema":"1a1c01bbd47fc00a2c39e90264f33305004495a9","hash":"1fefc373394b7be90a895dff0f26358fdba1d2ce"}
,"C:\\Users\\Harshita_Srivastava\\Desktop\\complete web development\\NodeJs\\VidlyWebApp\\model\\rental.js": {"path":"C:\\Users\\Harshita_Srivastava\\Desktop\\complete web development\\NodeJs\\VidlyWebApp\\model\\rental.js","statementMap":{"0":{"start":{"line":1,"column":12},"end":{"line":1,"column":26}},"1":{"start":{"line":2,"column":17},"end":{"line":2,"column":36}},"2":{"start":{"line":4,"column":15},"end":{"line":56,"column":3}},"3":{"start":{"line":60,"column":19},"end":{"line":63,"column":5}},"4":{"start":{"line":65,"column":4},"end":{"line":65,"column":39}},"5":{"start":{"line":68,"column":0},"end":{"line":68,"column":31}}},"fnMap":{"0":{"name":"validateRental","decl":{"start":{"line":59,"column":9},"end":{"line":59,"column":23}},"loc":{"start":{"line":59,"column":32},"end":{"line":66,"column":1}},"line":59}},"branchMap":{},"s":{"0":3,"1":3,"2":3,"3":0,"4":0,"5":3},"f":{"0":0},"b":{},"_coverageSchema":"1a1c01bbd47fc00a2c39e90264f33305004495a9","hash":"f80634f254af3927685cb8cf5a3a4d6ba1498642"}
,"C:\\Users\\Harshita_Srivastava\\Desktop\\complete web development\\NodeJs\\VidlyWebApp\\model\\users.js": {"path":"C:\\Users\\Harshita_Srivastava\\Desktop\\complete web development\\NodeJs\\VidlyWebApp\\model\\users.js","statementMap":{"0":{"start":{"line":1,"column":17},"end":{"line":1,"column":36}},"1":{"start":{"line":2,"column":17},"end":{"line":2,"column":34}},"2":{"start":{"line":3,"column":17},"end":{"line":3,"column":40}},"3":{"start":{"line":5,"column":19},"end":{"line":26,"column":2}},"4":{"start":{"line":28,"column":0},"end":{"line":31,"column":1}},"5":{"start":{"line":29,"column":18},"end":{"line":29,"column":95}},"6":{"start":{"line":30,"column":4},"end":{"line":30,"column":17}},"7":{"start":{"line":33,"column":13},"end":{"line":33,"column":46}},"8":{"start":{"line":35,"column":0},"end":{"line":35,"column":27}}},"fnMap":{"0":{"name":"(anonymous_0)","decl":{"start":{"line":28,"column":39},"end":{"line":28,"column":40}},"loc":{"start":{"line":28,"column":50},"end":{"line":31,"column":1}},"line":28}},"branchMap":{},"s":{"0":4,"1":4,"2":4,"3":4,"4":4,"5":8,"6":8,"7":4,"8":4},"f":{"0":8},"b":{},"_coverageSchema":"1a1c01bbd47fc00a2c39e90264f33305004495a9","hash":"3dd2cb6cbb7f00f893cc81fdb98890682f644be8"}
,"C:\\Users\\Harshita_Srivastava\\Desktop\\complete web development\\NodeJs\\VidlyWebApp\\routers\\auth.js": {"path":"C:\\Users\\Harshita_Srivastava\\Desktop\\complete web development\\NodeJs\\VidlyWebApp\\routers\\auth.js","statementMap":{"0":{"start":{"line":1,"column":17},"end":{"line":1,"column":34}},"1":{"start":{"line":2,"column":17},"end":{"line":2,"column":40}},"2":{"start":{"line":3,"column":17},"end":{"line":3,"column":34}},"3":{"start":{"line":4,"column":17},"end":{"line":4,"column":34}},"4":{"start":{"line":5,"column":17},"end":{"line":5,"column":36}},"5":{"start":{"line":6,"column":17},"end":{"line":6,"column":35}},"6":{"start":{"line":7,"column":17},"end":{"line":7,"column":33}},"7":{"start":{"line":8,"column":17},"end":{"line":8,"column":42}},"8":{"start":{"line":10,"column":0},"end":{"line":24,"column":2}},"9":{"start":{"line":12,"column":18},"end":{"line":12,"column":36}},"10":{"start":{"line":13,"column":4},"end":{"line":13,"column":66}},"11":{"start":{"line":13,"column":15},"end":{"line":13,"column":66}},"12":{"start":{"line":15,"column":15},"end":{"line":15,"column":58}},"13":{"start":{"line":16,"column":4},"end":{"line":16,"column":60}},"14":{"start":{"line":16,"column":14},"end":{"line":16,"column":60}},"15":{"start":{"line":18,"column":24},"end":{"line":18,"column":78}},"16":{"start":{"line":19,"column":4},"end":{"line":19,"column":69}},"17":{"start":{"line":19,"column":23},"end":{"line":19,"column":69}},"18":{"start":{"line":22,"column":18},"end":{"line":22,"column":42}},"19":{"start":{"line":23,"column":4},"end":{"line":23,"column":20}},"20":{"start":{"line":27,"column":4},"end":{"line":28,"column":19}},"21":{"start":{"line":28,"column":6},"end":{"line":28,"column":19}},"22":{"start":{"line":29,"column":4},"end":{"line":29,"column":16}},"23":{"start":{"line":32,"column":0},"end":{"line":32,"column":24}}},"fnMap":{"0":{"name":"(anonymous_0)","decl":{"start":{"line":10,"column":16},"end":{"line":10,"column":17}},"loc":{"start":{"line":10,"column":35},"end":{"line":24,"column":1}},"line":10},"1":{"name":"validate","decl":{"start":{"line":26,"column":9},"end":{"line":26,"column":17}},"loc":{"start":{"line":26,"column":23},"end":{"line":30,"column":1}},"line":26}},"branchMap":{"0":{"loc":{"start":{"line":13,"column":4},"end":{"line":13,"column":66}},"type":"if","locations":[{"start":{"line":13,"column":4},"end":{"line":13,"column":66}},{"start":{"line":13,"column":4},"end":{"line":13,"column":66}}],"line":13},"1":{"loc":{"start":{"line":16,"column":4},"end":{"line":16,"column":60}},"type":"if","locations":[{"start":{"line":16,"column":4},"end":{"line":16,"column":60}},{"start":{"line":16,"column":4},"end":{"line":16,"column":60}}],"line":16},"2":{"loc":{"start":{"line":19,"column":4},"end":{"line":19,"column":69}},"type":"if","locations":[{"start":{"line":19,"column":4},"end":{"line":19,"column":69}},{"start":{"line":19,"column":4},"end":{"line":19,"column":69}}],"line":19},"3":{"loc":{"start":{"line":27,"column":4},"end":{"line":28,"column":19}},"type":"if","locations":[{"start":{"line":27,"column":4},"end":{"line":28,"column":19}},{"start":{"line":27,"column":4},"end":{"line":28,"column":19}}],"line":27},"4":{"loc":{"start":{"line":27,"column":7},"end":{"line":27,"column":36}},"type":"binary-expr","locations":[{"start":{"line":27,"column":7},"end":{"line":27,"column":18}},{"start":{"line":27,"column":22},"end":{"line":27,"column":36}}],"line":27}},"s":{"0":3,"1":3,"2":3,"3":3,"4":3,"5":3,"6":3,"7":3,"8":3,"9":0,"10":0,"11":0,"12":0,"13":0,"14":0,"15":0,"16":0,"17":0,"18":0,"19":0,"20":0,"21":0,"22":0,"23":3},"f":{"0":0,"1":0},"b":{"0":[0,0],"1":[0,0],"2":[0,0],"3":[0,0],"4":[0,0]},"_coverageSchema":"1a1c01bbd47fc00a2c39e90264f33305004495a9","hash":"cfbae9e6fa364ef7ce201a309e055714fe2f24a4"}
,"C:\\Users\\Harshita_Srivastava\\Desktop\\complete web development\\NodeJs\\VidlyWebApp\\routers\\customers.js": {"path":"C:\\Users\\Harshita_Srivastava\\Desktop\\complete web development\\NodeJs\\VidlyWebApp\\routers\\customers.js","statementMap":{"0":{"start":{"line":1,"column":15},"end":{"line":1,"column":33}},"1":{"start":{"line":2,"column":17},"end":{"line":2,"column":36}},"2":{"start":{"line":3,"column":14},"end":{"line":3,"column":30}},"3":{"start":{"line":4,"column":21},"end":{"line":4,"column":50}},"4":{"start":{"line":7,"column":0},"end":{"line":11,"column":2}},"5":{"start":{"line":9,"column":20},"end":{"line":9,"column":41}},"6":{"start":{"line":10,"column":4},"end":{"line":10,"column":22}},"7":{"start":{"line":13,"column":0},"end":{"line":19,"column":2}},"8":{"start":{"line":15,"column":20},"end":{"line":15,"column":58}},"9":{"start":{"line":16,"column":4},"end":{"line":16,"column":71}},"10":{"start":{"line":16,"column":17},"end":{"line":16,"column":71}},"11":{"start":{"line":18,"column":4},"end":{"line":18,"column":22}},"12":{"start":{"line":21,"column":0},"end":{"line":37,"column":2}},"13":{"start":{"line":23,"column":18},"end":{"line":27,"column":6}},"14":{"start":{"line":29,"column":4},"end":{"line":35,"column":5}},"15":{"start":{"line":30,"column":8},"end":{"line":30,"column":39}},"16":{"start":{"line":31,"column":8},"end":{"line":31,"column":26}},"17":{"start":{"line":34,"column":8},"end":{"line":34,"column":30}},"18":{"start":{"line":39,"column":0},"end":{"line":53,"column":2}},"19":{"start":{"line":41,"column":18},"end":{"line":45,"column":19}},"20":{"start":{"line":47,"column":4},"end":{"line":52,"column":5}},"21":{"start":{"line":48,"column":8},"end":{"line":48,"column":26}},"22":{"start":{"line":51,"column":8},"end":{"line":51,"column":30}},"23":{"start":{"line":55,"column":0},"end":{"line":65,"column":2}},"24":{"start":{"line":56,"column":18},"end":{"line":56,"column":65}},"25":{"start":{"line":57,"column":4},"end":{"line":57,"column":71}},"26":{"start":{"line":57,"column":17},"end":{"line":57,"column":71}},"27":{"start":{"line":59,"column":4},"end":{"line":64,"column":5}},"28":{"start":{"line":60,"column":8},"end":{"line":60,"column":26}},"29":{"start":{"line":63,"column":8},"end":{"line":63,"column":22}},"30":{"start":{"line":67,"column":0},"end":{"line":67,"column":24}}},"fnMap":{"0":{"name":"(anonymous_0)","decl":{"start":{"line":7,"column":15},"end":{"line":7,"column":16}},"loc":{"start":{"line":7,"column":34},"end":{"line":11,"column":1}},"line":7},"1":{"name":"(anonymous_1)","decl":{"start":{"line":13,"column":18},"end":{"line":13,"column":19}},"loc":{"start":{"line":13,"column":37},"end":{"line":19,"column":1}},"line":13},"2":{"name":"(anonymous_2)","decl":{"start":{"line":21,"column":16},"end":{"line":21,"column":17}},"loc":{"start":{"line":21,"column":35},"end":{"line":37,"column":1}},"line":21},"3":{"name":"(anonymous_3)","decl":{"start":{"line":39,"column":18},"end":{"line":39,"column":19}},"loc":{"start":{"line":39,"column":37},"end":{"line":53,"column":1}},"line":39},"4":{"name":"(anonymous_4)","decl":{"start":{"line":55,"column":21},"end":{"line":55,"column":22}},"loc":{"start":{"line":55,"column":40},"end":{"line":65,"column":1}},"line":55}},"branchMap":{"0":{"loc":{"start":{"line":16,"column":4},"end":{"line":16,"column":71}},"type":"if","locations":[{"start":{"line":16,"column":4},"end":{"line":16,"column":71}},{"start":{"line":16,"column":4},"end":{"line":16,"column":71}}],"line":16},"1":{"loc":{"start":{"line":57,"column":4},"end":{"line":57,"column":71}},"type":"if","locations":[{"start":{"line":57,"column":4},"end":{"line":57,"column":71}},{"start":{"line":57,"column":4},"end":{"line":57,"column":71}}],"line":57}},"s":{"0":3,"1":3,"2":3,"3":3,"4":3,"5":0,"6":0,"7":3,"8":0,"9":0,"10":0,"11":0,"12":3,"13":0,"14":0,"15":0,"16":0,"17":0,"18":3,"19":0,"20":0,"21":0,"22":0,"23":3,"24":0,"25":0,"26":0,"27":0,"28":0,"29":0,"30":3},"f":{"0":0,"1":0,"2":0,"3":0,"4":0},"b":{"0":[0,0],"1":[0,0]},"_coverageSchema":"1a1c01bbd47fc00a2c39e90264f33305004495a9","hash":"add9fd66f6945843b10b2f3d52155f28377cc34b"}
,"C:\\Users\\Harshita_Srivastava\\Desktop\\complete web development\\NodeJs\\VidlyWebApp\\routers\\genres.js": {"path":"C:\\Users\\Harshita_Srivastava\\Desktop\\complete web development\\NodeJs\\VidlyWebApp\\routers\\genres.js","statementMap":{"0":{"start":{"line":1,"column":19},"end":{"line":1,"column":38}},"1":{"start":{"line":2,"column":19},"end":{"line":2,"column":37}},"2":{"start":{"line":3,"column":19},"end":{"line":3,"column":35}},"3":{"start":{"line":4,"column":19},"end":{"line":4,"column":45}},"4":{"start":{"line":5,"column":19},"end":{"line":5,"column":48}},"5":{"start":{"line":6,"column":19},"end":{"line":6,"column":49}},"6":{"start":{"line":11,"column":0},"end":{"line":19,"column":2}},"7":{"start":{"line":12,"column":4},"end":{"line":18,"column":5}},"8":{"start":{"line":13,"column":22},"end":{"line":13,"column":40}},"9":{"start":{"line":14,"column":8},"end":{"line":14,"column":25}},"10":{"start":{"line":17,"column":8},"end":{"line":17,"column":18}},"11":{"start":{"line":23,"column":0},"end":{"line":31,"column":2}},"12":{"start":{"line":24,"column":4},"end":{"line":25,"column":49}},"13":{"start":{"line":25,"column":7},"end":{"line":25,"column":49}},"14":{"start":{"line":27,"column":16},"end":{"line":27,"column":58}},"15":{"start":{"line":28,"column":4},"end":{"line":28,"column":62}},"16":{"start":{"line":28,"column":15},"end":{"line":28,"column":62}},"17":{"start":{"line":30,"column":4},"end":{"line":30,"column":20}},"18":{"start":{"line":36,"column":0},"end":{"line":46,"column":3}},"19":{"start":{"line":37,"column":4},"end":{"line":37,"column":26}},"20":{"start":{"line":39,"column":4},"end":{"line":40,"column":78}},"21":{"start":{"line":40,"column":6},"end":{"line":40,"column":78}},"22":{"start":{"line":42,"column":17},"end":{"line":42,"column":51}},"23":{"start":{"line":44,"column":4},"end":{"line":44,"column":32}},"24":{"start":{"line":45,"column":4},"end":{"line":45,"column":20}},"25":{"start":{"line":50,"column":0},"end":{"line":59,"column":3}},"26":{"start":{"line":51,"column":4},"end":{"line":52,"column":80}},"27":{"start":{"line":52,"column":8},"end":{"line":52,"column":80}},"28":{"start":{"line":54,"column":16},"end":{"line":54,"column":101}},"29":{"start":{"line":56,"column":4},"end":{"line":56,"column":62}},"30":{"start":{"line":56,"column":15},"end":{"line":56,"column":62}},"31":{"start":{"line":58,"column":4},"end":{"line":58,"column":20}},"32":{"start":{"line":63,"column":0},"end":{"line":68,"column":2}},"33":{"start":{"line":64,"column":18},"end":{"line":64,"column":62}},"34":{"start":{"line":65,"column":4},"end":{"line":65,"column":62}},"35":{"start":{"line":65,"column":15},"end":{"line":65,"column":62}},"36":{"start":{"line":67,"column":4},"end":{"line":67,"column":20}},"37":{"start":{"line":78,"column":0},"end":{"line":78,"column":24}}},"fnMap":{"0":{"name":"(anonymous_0)","decl":{"start":{"line":11,"column":15},"end":{"line":11,"column":16}},"loc":{"start":{"line":11,"column":39},"end":{"line":19,"column":1}},"line":11},"1":{"name":"(anonymous_1)","decl":{"start":{"line":23,"column":18},"end":{"line":23,"column":19}},"loc":{"start":{"line":23,"column":37},"end":{"line":31,"column":1}},"line":23},"2":{"name":"(anonymous_2)","decl":{"start":{"line":36,"column":21},"end":{"line":36,"column":22}},"loc":{"start":{"line":36,"column":40},"end":{"line":46,"column":1}},"line":36},"3":{"name":"(anonymous_3)","decl":{"start":{"line":50,"column":18},"end":{"line":50,"column":19}},"loc":{"start":{"line":50,"column":37},"end":{"line":59,"column":1}},"line":50},"4":{"name":"(anonymous_4)","decl":{"start":{"line":63,"column":35},"end":{"line":63,"column":36}},"loc":{"start":{"line":63,"column":54},"end":{"line":68,"column":1}},"line":63}},"branchMap":{"0":{"loc":{"start":{"line":24,"column":4},"end":{"line":25,"column":49}},"type":"if","locations":[{"start":{"line":24,"column":4},"end":{"line":25,"column":49}},{"start":{"line":24,"column":4},"end":{"line":25,"column":49}}],"line":24},"1":{"loc":{"start":{"line":28,"column":4},"end":{"line":28,"column":62}},"type":"if","locations":[{"start":{"line":28,"column":4},"end":{"line":28,"column":62}},{"start":{"line":28,"column":4},"end":{"line":28,"column":62}}],"line":28},"2":{"loc":{"start":{"line":39,"column":4},"end":{"line":40,"column":78}},"type":"if","locations":[{"start":{"line":39,"column":4},"end":{"line":40,"column":78}},{"start":{"line":39,"column":4},"end":{"line":40,"column":78}}],"line":39},"3":{"loc":{"start":{"line":39,"column":7},"end":{"line":39,"column":47}},"type":"binary-expr","locations":[{"start":{"line":39,"column":7},"end":{"line":39,"column":21}},{"start":{"line":39,"column":25},"end":{"line":39,"column":47}}],"line":39},"4":{"loc":{"start":{"line":51,"column":4},"end":{"line":52,"column":80}},"type":"if","locations":[{"start":{"line":51,"column":4},"end":{"line":52,"column":80}},{"start":{"line":51,"column":4},"end":{"line":52,"column":80}}],"line":51},"5":{"loc":{"start":{"line":51,"column":7},"end":{"line":51,"column":47}},"type":"binary-expr","locations":[{"start":{"line":51,"column":7},"end":{"line":51,"column":21}},{"start":{"line":51,"column":25},"end":{"line":51,"column":47}}],"line":51},"6":{"loc":{"start":{"line":56,"column":4},"end":{"line":56,"column":62}},"type":"if","locations":[{"start":{"line":56,"column":4},"end":{"line":56,"column":62}},{"start":{"line":56,"column":4},"end":{"line":56,"column":62}}],"line":56},"7":{"loc":{"start":{"line":65,"column":4},"end":{"line":65,"column":62}},"type":"if","locations":[{"start":{"line":65,"column":4},"end":{"line":65,"column":62}},{"start":{"line":65,"column":4},"end":{"line":65,"column":62}}],"line":65}},"s":{"0":3,"1":3,"2":3,"3":3,"4":3,"5":3,"6":3,"7":1,"8":1,"9":1,"10":0,"11":3,"12":1,"13":1,"14":0,"15":0,"16":0,"17":0,"18":3,"19":4,"20":4,"21":0,"22":4,"23":4,"24":3,"25":3,"26":0,"27":0,"28":0,"29":0,"30":0,"31":0,"32":3,"33":0,"34":0,"35":0,"36":0,"37":3},"f":{"0":1,"1":1,"2":4,"3":0,"4":0},"b":{"0":[1,0],"1":[0,0],"2":[0,4],"3":[4,4],"4":[0,0],"5":[0,0],"6":[0,0],"7":[0,0]},"_coverageSchema":"1a1c01bbd47fc00a2c39e90264f33305004495a9","hash":"d205712781f8a91fc0d82b343e0fd69067dce901"}
,"C:\\Users\\Harshita_Srivastava\\Desktop\\complete web development\\NodeJs\\VidlyWebApp\\routers\\movies.js": {"path":"C:\\Users\\Harshita_Srivastava\\Desktop\\complete web development\\NodeJs\\VidlyWebApp\\routers\\movies.js","statementMap":{"0":{"start":{"line":1,"column":17},"end":{"line":1,"column":36}},"1":{"start":{"line":2,"column":16},"end":{"line":2,"column":34}},"2":{"start":{"line":3,"column":15},"end":{"line":3,"column":31}},"3":{"start":{"line":4,"column":19},"end":{"line":4,"column":45}},"4":{"start":{"line":5,"column":18},"end":{"line":5,"column":44}},"5":{"start":{"line":10,"column":0},"end":{"line":13,"column":2}},"6":{"start":{"line":11,"column":17},"end":{"line":11,"column":36}},"7":{"start":{"line":12,"column":4},"end":{"line":12,"column":20}},"8":{"start":{"line":17,"column":0},"end":{"line":22,"column":2}},"9":{"start":{"line":18,"column":16},"end":{"line":18,"column":59}},"10":{"start":{"line":19,"column":4},"end":{"line":19,"column":62}},"11":{"start":{"line":19,"column":15},"end":{"line":19,"column":62}},"12":{"start":{"line":21,"column":4},"end":{"line":21,"column":20}},"13":{"start":{"line":27,"column":0},"end":{"line":42,"column":3}},"14":{"start":{"line":28,"column":16},"end":{"line":28,"column":54}},"15":{"start":{"line":30,"column":16},"end":{"line":38,"column":6}},"16":{"start":{"line":40,"column":4},"end":{"line":40,"column":31}},"17":{"start":{"line":41,"column":4},"end":{"line":41,"column":20}},"18":{"start":{"line":46,"column":0},"end":{"line":60,"column":3}},"19":{"start":{"line":47,"column":16},"end":{"line":57,"column":5}},"20":{"start":{"line":59,"column":4},"end":{"line":59,"column":20}},"21":{"start":{"line":64,"column":0},"end":{"line":69,"column":2}},"22":{"start":{"line":65,"column":18},"end":{"line":65,"column":63}},"23":{"start":{"line":66,"column":4},"end":{"line":66,"column":62}},"24":{"start":{"line":66,"column":15},"end":{"line":66,"column":62}},"25":{"start":{"line":68,"column":4},"end":{"line":68,"column":20}},"26":{"start":{"line":71,"column":0},"end":{"line":71,"column":24}}},"fnMap":{"0":{"name":"(anonymous_0)","decl":{"start":{"line":10,"column":15},"end":{"line":10,"column":16}},"loc":{"start":{"line":10,"column":34},"end":{"line":13,"column":1}},"line":10},"1":{"name":"(anonymous_1)","decl":{"start":{"line":17,"column":18},"end":{"line":17,"column":19}},"loc":{"start":{"line":17,"column":37},"end":{"line":22,"column":1}},"line":17},"2":{"name":"(anonymous_2)","decl":{"start":{"line":27,"column":16},"end":{"line":27,"column":17}},"loc":{"start":{"line":27,"column":35},"end":{"line":42,"column":1}},"line":27},"3":{"name":"(anonymous_3)","decl":{"start":{"line":46,"column":18},"end":{"line":46,"column":19}},"loc":{"start":{"line":46,"column":37},"end":{"line":60,"column":1}},"line":46},"4":{"name":"(anonymous_4)","decl":{"start":{"line":64,"column":21},"end":{"line":64,"column":22}},"loc":{"start":{"line":64,"column":40},"end":{"line":69,"column":1}},"line":64}},"branchMap":{"0":{"loc":{"start":{"line":19,"column":4},"end":{"line":19,"column":62}},"type":"if","locations":[{"start":{"line":19,"column":4},"end":{"line":19,"column":62}},{"start":{"line":19,"column":4},"end":{"line":19,"column":62}}],"line":19},"1":{"loc":{"start":{"line":66,"column":4},"end":{"line":66,"column":62}},"type":"if","locations":[{"start":{"line":66,"column":4},"end":{"line":66,"column":62}},{"start":{"line":66,"column":4},"end":{"line":66,"column":62}}],"line":66}},"s":{"0":3,"1":3,"2":3,"3":3,"4":3,"5":3,"6":0,"7":0,"8":3,"9":0,"10":0,"11":0,"12":0,"13":3,"14":0,"15":0,"16":0,"17":0,"18":3,"19":0,"20":0,"21":3,"22":0,"23":0,"24":0,"25":0,"26":3},"f":{"0":0,"1":0,"2":0,"3":0,"4":0},"b":{"0":[0,0],"1":[0,0]},"_coverageSchema":"1a1c01bbd47fc00a2c39e90264f33305004495a9","hash":"e15f5558ec89f1047fa2bd54aa8844ca8b455200"}
,"C:\\Users\\Harshita_Srivastava\\Desktop\\complete web development\\NodeJs\\VidlyWebApp\\routers\\rental.js": {"path":"C:\\Users\\Harshita_Srivastava\\Desktop\\complete web development\\NodeJs\\VidlyWebApp\\routers\\rental.js","statementMap":{"0":{"start":{"line":1,"column":27},"end":{"line":1,"column":53}},"1":{"start":{"line":2,"column":27},"end":{"line":2,"column":53}},"2":{"start":{"line":3,"column":27},"end":{"line":3,"column":56}},"3":{"start":{"line":4,"column":27},"end":{"line":4,"column":46}},"4":{"start":{"line":5,"column":27},"end":{"line":5,"column":42}},"5":{"start":{"line":6,"column":27},"end":{"line":6,"column":45}},"6":{"start":{"line":7,"column":27},"end":{"line":7,"column":43}},"7":{"start":{"line":9,"column":0},"end":{"line":9,"column":20}},"8":{"start":{"line":11,"column":0},"end":{"line":14,"column":3}},"9":{"start":{"line":12,"column":20},"end":{"line":12,"column":56}},"10":{"start":{"line":13,"column":4},"end":{"line":13,"column":22}},"11":{"start":{"line":16,"column":0},"end":{"line":55,"column":2}},"12":{"start":{"line":17,"column":22},"end":{"line":17,"column":40}},"13":{"start":{"line":18,"column":4},"end":{"line":18,"column":68}},"14":{"start":{"line":18,"column":14},"end":{"line":18,"column":68}},"15":{"start":{"line":20,"column":21},"end":{"line":20,"column":65}},"16":{"start":{"line":21,"column":4},"end":{"line":21,"column":66}},"17":{"start":{"line":21,"column":18},"end":{"line":21,"column":66}},"18":{"start":{"line":23,"column":18},"end":{"line":23,"column":56}},"19":{"start":{"line":24,"column":4},"end":{"line":24,"column":60}},"20":{"start":{"line":24,"column":15},"end":{"line":24,"column":60}},"21":{"start":{"line":26,"column":4},"end":{"line":26,"column":84}},"22":{"start":{"line":26,"column":34},"end":{"line":26,"column":84}},"23":{"start":{"line":28,"column":17},"end":{"line":39,"column":6}},"24":{"start":{"line":41,"column":4},"end":{"line":53,"column":5}},"25":{"start":{"line":42,"column":8},"end":{"line":47,"column":14}},"26":{"start":{"line":49,"column":8},"end":{"line":49,"column":25}},"27":{"start":{"line":52,"column":8},"end":{"line":52,"column":53}},"28":{"start":{"line":57,"column":0},"end":{"line":57,"column":24}}},"fnMap":{"0":{"name":"(anonymous_0)","decl":{"start":{"line":11,"column":15},"end":{"line":11,"column":16}},"loc":{"start":{"line":11,"column":34},"end":{"line":14,"column":1}},"line":11},"1":{"name":"(anonymous_1)","decl":{"start":{"line":16,"column":17},"end":{"line":16,"column":18}},"loc":{"start":{"line":16,"column":36},"end":{"line":55,"column":1}},"line":16}},"branchMap":{"0":{"loc":{"start":{"line":18,"column":4},"end":{"line":18,"column":68}},"type":"if","locations":[{"start":{"line":18,"column":4},"end":{"line":18,"column":68}},{"start":{"line":18,"column":4},"end":{"line":18,"column":68}}],"line":18},"1":{"loc":{"start":{"line":21,"column":4},"end":{"line":21,"column":66}},"type":"if","locations":[{"start":{"line":21,"column":4},"end":{"line":21,"column":66}},{"start":{"line":21,"column":4},"end":{"line":21,"column":66}}],"line":21},"2":{"loc":{"start":{"line":24,"column":4},"end":{"line":24,"column":60}},"type":"if","locations":[{"start":{"line":24,"column":4},"end":{"line":24,"column":60}},{"start":{"line":24,"column":4},"end":{"line":24,"column":60}}],"line":24},"3":{"loc":{"start":{"line":26,"column":4},"end":{"line":26,"column":84}},"type":"if","locations":[{"start":{"line":26,"column":4},"end":{"line":26,"column":84}},{"start":{"line":26,"column":4},"end":{"line":26,"column":84}}],"line":26}},"s":{"0":3,"1":3,"2":3,"3":3,"4":3,"5":3,"6":3,"7":3,"8":3,"9":0,"10":0,"11":3,"12":0,"13":0,"14":0,"15":0,"16":0,"17":0,"18":0,"19":0,"20":0,"21":0,"22":0,"23":0,"24":0,"25":0,"26":0,"27":0,"28":3},"f":{"0":0,"1":0},"b":{"0":[0,0],"1":[0,0],"2":[0,0],"3":[0,0]},"_coverageSchema":"1a1c01bbd47fc00a2c39e90264f33305004495a9","hash":"83f6c40dd7a94c27eba5ffdcf4b737b706f3b847"}
,"C:\\Users\\Harshita_Srivastava\\Desktop\\complete web development\\NodeJs\\VidlyWebApp\\routers\\rentalReturn.js": {"path":"C:\\Users\\Harshita_Srivastava\\Desktop\\complete web development\\NodeJs\\VidlyWebApp\\routers\\rentalReturn.js","statementMap":{"0":{"start":{"line":15,"column":16},"end":{"line":15,"column":34}},"1":{"start":{"line":16,"column":16},"end":{"line":16,"column":32}},"2":{"start":{"line":18,"column":0},"end":{"line":20,"column":3}},"3":{"start":{"line":19,"column":4},"end":{"line":19,"column":41}},"4":{"start":{"line":22,"column":0},"end":{"line":22,"column":24}}},"fnMap":{"0":{"name":"(anonymous_0)","decl":{"start":{"line":18,"column":16},"end":{"line":18,"column":17}},"loc":{"start":{"line":18,"column":35},"end":{"line":20,"column":1}},"line":18}},"branchMap":{},"s":{"0":3,"1":3,"2":3,"3":0,"4":3},"f":{"0":0},"b":{},"_coverageSchema":"1a1c01bbd47fc00a2c39e90264f33305004495a9","hash":"8e00652101ae460b48790fc4bd5a16ada1c17db5"}
,"C:\\Users\\Harshita_Srivastava\\Desktop\\complete web development\\NodeJs\\VidlyWebApp\\routers\\users.js": {"path":"C:\\Users\\Harshita_Srivastava\\Desktop\\complete web development\\NodeJs\\VidlyWebApp\\routers\\users.js","statementMap":{"0":{"start":{"line":1,"column":17},"end":{"line":1,"column":46}},"1":{"start":{"line":2,"column":17},"end":{"line":2,"column":34}},"2":{"start":{"line":3,"column":17},"end":{"line":3,"column":34}},"3":{"start":{"line":4,"column":17},"end":{"line":4,"column":36}},"4":{"start":{"line":5,"column":17},"end":{"line":5,"column":35}},"5":{"start":{"line":6,"column":17},"end":{"line":6,"column":33}},"6":{"start":{"line":7,"column":17},"end":{"line":7,"column":42}},"7":{"start":{"line":9,"column":0},"end":{"line":12,"column":2}},"8":{"start":{"line":10,"column":18},"end":{"line":10,"column":35}},"9":{"start":{"line":11,"column":4},"end":{"line":11,"column":20}},"10":{"start":{"line":14,"column":0},"end":{"line":17,"column":2}},"11":{"start":{"line":15,"column":17},"end":{"line":15,"column":70}},"12":{"start":{"line":16,"column":4},"end":{"line":16,"column":19}},"13":{"start":{"line":19,"column":0},"end":{"line":37,"column":2}},"14":{"start":{"line":20,"column":18},"end":{"line":20,"column":36}},"15":{"start":{"line":21,"column":4},"end":{"line":21,"column":67}},"16":{"start":{"line":21,"column":15},"end":{"line":21,"column":67}},"17":{"start":{"line":23,"column":15},"end":{"line":23,"column":58}},"18":{"start":{"line":24,"column":4},"end":{"line":24,"column":66}},"19":{"start":{"line":24,"column":13},"end":{"line":24,"column":66}},"20":{"start":{"line":26,"column":4},"end":{"line":28,"column":6}},"21":{"start":{"line":30,"column":17},"end":{"line":30,"column":41}},"22":{"start":{"line":31,"column":4},"end":{"line":31,"column":59}},"23":{"start":{"line":33,"column":4},"end":{"line":33,"column":22}},"24":{"start":{"line":35,"column":18},"end":{"line":35,"column":42}},"25":{"start":{"line":36,"column":4},"end":{"line":36,"column":77}},"26":{"start":{"line":40,"column":4},"end":{"line":41,"column":19}},"27":{"start":{"line":41,"column":6},"end":{"line":41,"column":19}},"28":{"start":{"line":42,"column":4},"end":{"line":42,"column":16}},"29":{"start":{"line":45,"column":0},"end":{"line":45,"column":24}}},"fnMap":{"0":{"name":"(anonymous_0)","decl":{"start":{"line":9,"column":15},"end":{"line":9,"column":16}},"loc":{"start":{"line":9,"column":34},"end":{"line":12,"column":1}},"line":9},"1":{"name":"(anonymous_1)","decl":{"start":{"line":14,"column":23},"end":{"line":14,"column":24}},"loc":{"start":{"line":14,"column":42},"end":{"line":17,"column":1}},"line":14},"2":{"name":"(anonymous_2)","decl":{"start":{"line":19,"column":16},"end":{"line":19,"column":17}},"loc":{"start":{"line":19,"column":35},"end":{"line":37,"column":1}},"line":19},"3":{"name":"validate","decl":{"start":{"line":39,"column":9},"end":{"line":39,"column":17}},"loc":{"start":{"line":39,"column":23},"end":{"line":43,"column":1}},"line":39}},"branchMap":{"0":{"loc":{"start":{"line":21,"column":4},"end":{"line":21,"column":67}},"type":"if","locations":[{"start":{"line":21,"column":4},"end":{"line":21,"column":67}},{"start":{"line":21,"column":4},"end":{"line":21,"column":67}}],"line":21},"1":{"loc":{"start":{"line":24,"column":4},"end":{"line":24,"column":66}},"type":"if","locations":[{"start":{"line":24,"column":4},"end":{"line":24,"column":66}},{"start":{"line":24,"column":4},"end":{"line":24,"column":66}}],"line":24},"2":{"loc":{"start":{"line":40,"column":4},"end":{"line":41,"column":19}},"type":"if","locations":[{"start":{"line":40,"column":4},"end":{"line":41,"column":19}},{"start":{"line":40,"column":4},"end":{"line":41,"column":19}}],"line":40},"3":{"loc":{"start":{"line":40,"column":7},"end":{"line":40,"column":50}},"type":"binary-expr","locations":[{"start":{"line":40,"column":7},"end":{"line":40,"column":18}},{"start":{"line":40,"column":22},"end":{"line":40,"column":36}},{"start":{"line":40,"column":40},"end":{"line":40,"column":50}}],"line":40}},"s":{"0":3,"1":3,"2":3,"3":3,"4":3,"5":3,"6":3,"7":3,"8":0,"9":0,"10":3,"11":0,"12":0,"13":3,"14":0,"15":0,"16":0,"17":0,"18":0,"19":0,"20":0,"21":0,"22":0,"23":0,"24":0,"25":0,"26":0,"27":0,"28":0,"29":3},"f":{"0":0,"1":0,"2":0,"3":0},"b":{"0":[0,0],"1":[0,0],"2":[0,0],"3":[0,0,0]},"_coverageSchema":"1a1c01bbd47fc00a2c39e90264f33305004495a9","hash":"267e61f95c287b1f11965743f98a6bd7d32d97b4"}
,"C:\\Users\\Harshita_Srivastava\\Desktop\\complete web development\\NodeJs\\VidlyWebApp\\startup\\config.js": {"path":"C:\\Users\\Harshita_Srivastava\\Desktop\\complete web development\\NodeJs\\VidlyWebApp\\startup\\config.js","statementMap":{"0":{"start":{"line":1,"column":15},"end":{"line":1,"column":32}},"1":{"start":{"line":3,"column":0},"end":{"line":7,"column":1}},"2":{"start":{"line":4,"column":4},"end":{"line":6,"column":5}},"3":{"start":{"line":5,"column":8},"end":{"line":5,"column":70}}},"fnMap":{"0":{"name":"(anonymous_0)","decl":{"start":{"line":3,"column":17},"end":{"line":3,"column":18}},"loc":{"start":{"line":3,"column":27},"end":{"line":7,"column":1}},"line":3}},"branchMap":{"0":{"loc":{"start":{"line":4,"column":4},"end":{"line":6,"column":5}},"type":"if","locations":[{"start":{"line":4,"column":4},"end":{"line":6,"column":5}},{"start":{"line":4,"column":4},"end":{"line":6,"column":5}}],"line":4}},"s":{"0":3,"1":3,"2":3,"3":0},"f":{"0":3},"b":{"0":[0,3]},"_coverageSchema":"1a1c01bbd47fc00a2c39e90264f33305004495a9","hash":"36dd1933be0869725e2605b13aa9f42b67504b91"}
,"C:\\Users\\Harshita_Srivastava\\Desktop\\complete web development\\NodeJs\\VidlyWebApp\\startup\\db.js": {"path":"C:\\Users\\Harshita_Srivastava\\Desktop\\complete web development\\NodeJs\\VidlyWebApp\\startup\\db.js","statementMap":{"0":{"start":{"line":2,"column":19},"end":{"line":2,"column":38}},"1":{"start":{"line":3,"column":15},"end":{"line":3,"column":32}},"2":{"start":{"line":5,"column":0},"end":{"line":9,"column":1}},"3":{"start":{"line":6,"column":4},"end":{"line":8,"column":51}},"4":{"start":{"line":7,"column":20},"end":{"line":7,"column":59}},"5":{"start":{"line":8,"column":22},"end":{"line":8,"column":49}}},"fnMap":{"0":{"name":"(anonymous_0)","decl":{"start":{"line":5,"column":17},"end":{"line":5,"column":18}},"loc":{"start":{"line":5,"column":29},"end":{"line":9,"column":1}},"line":5},"1":{"name":"(anonymous_1)","decl":{"start":{"line":7,"column":14},"end":{"line":7,"column":15}},"loc":{"start":{"line":7,"column":20},"end":{"line":7,"column":59}},"line":7},"2":{"name":"(anonymous_2)","decl":{"start":{"line":8,"column":15},"end":{"line":8,"column":16}},"loc":{"start":{"line":8,"column":22},"end":{"line":8,"column":49}},"line":8}},"branchMap":{},"s":{"0":3,"1":3,"2":3,"3":3,"4":2,"5":0},"f":{"0":3,"1":2,"2":0},"b":{},"_coverageSchema":"1a1c01bbd47fc00a2c39e90264f33305004495a9","hash":"81ea4e9c2c8aad8ed1f28b19dbb121890e3beadc"}
,"C:\\Users\\Harshita_Srivastava\\Desktop\\complete web development\\NodeJs\\VidlyWebApp\\startup\\logins.js": {"path":"C:\\Users\\Harshita_Srivastava\\Desktop\\complete web development\\NodeJs\\VidlyWebApp\\startup\\logins.js","statementMap":{"0":{"start":{"line":1,"column":22},"end":{"line":1,"column":39}},"1":{"start":{"line":2,"column":19},"end":{"line":2,"column":37}},"2":{"start":{"line":3,"column":0},"end":{"line":3,"column":27}},"3":{"start":{"line":4,"column":0},"end":{"line":4,"column":32}},"4":{"start":{"line":6,"column":0},"end":{"line":19,"column":1}},"5":{"start":{"line":7,"column":4},"end":{"line":7,"column":72}},"6":{"start":{"line":8,"column":4},"end":{"line":8,"column":69}},"7":{"start":{"line":10,"column":4},"end":{"line":12,"column":7}},"8":{"start":{"line":11,"column":8},"end":{"line":11,"column":17}},"9":{"start":{"line":14,"column":4},"end":{"line":14,"column":67}},"10":{"start":{"line":15,"column":4},"end":{"line":18,"column":7}}},"fnMap":{"0":{"name":"(anonymous_0)","decl":{"start":{"line":6,"column":17},"end":{"line":6,"column":18}},"loc":{"start":{"line":6,"column":27},"end":{"line":19,"column":1}},"line":6},"1":{"name":"(anonymous_1)","decl":{"start":{"line":10,"column":35},"end":{"line":10,"column":36}},"loc":{"start":{"line":10,"column":43},"end":{"line":12,"column":6}},"line":10}},"branchMap":{},"s":{"0":3,"1":3,"2":3,"3":3,"4":3,"5":0,"6":0,"7":0,"8":0,"9":0,"10":0},"f":{"0":0,"1":0},"b":{},"_coverageSchema":"1a1c01bbd47fc00a2c39e90264f33305004495a9","hash":"52ab3452446e89e4fadb4b0428a1fb9fe82d4dd1"}
,"C:\\Users\\Harshita_Srivastava\\Desktop\\complete web development\\NodeJs\\VidlyWebApp\\startup\\prod.js": {"path":"C:\\Users\\Harshita_Srivastava\\Desktop\\complete web development\\NodeJs\\VidlyWebApp\\startup\\prod.js","statementMap":{"0":{"start":{"line":1,"column":15},"end":{"line":1,"column":32}},"1":{"start":{"line":2,"column":20},"end":{"line":2,"column":42}},"2":{"start":{"line":4,"column":0},"end":{"line":7,"column":1}},"3":{"start":{"line":5,"column":4},"end":{"line":5,"column":22}},"4":{"start":{"line":6,"column":4},"end":{"line":6,"column":27}}},"fnMap":{"0":{"name":"(anonymous_0)","decl":{"start":{"line":4,"column":17},"end":{"line":4,"column":18}},"loc":{"start":{"line":4,"column":31},"end":{"line":7,"column":1}},"line":4}},"branchMap":{},"s":{"0":3,"1":3,"2":3,"3":3,"4":3},"f":{"0":3},"b":{},"_coverageSchema":"1a1c01bbd47fc00a2c39e90264f33305004495a9","hash":"f364a1c131d07a474a9a1ecf56a0f61f52fb27f2"}
,"C:\\Users\\Harshita_Srivastava\\Desktop\\complete web development\\NodeJs\\VidlyWebApp\\startup\\routes.js": {"path":"C:\\Users\\Harshita_Srivastava\\Desktop\\complete web development\\NodeJs\\VidlyWebApp\\startup\\routes.js","statementMap":{"0":{"start":{"line":1,"column":19},"end":{"line":1,"column":47}},"1":{"start":{"line":2,"column":19},"end":{"line":2,"column":47}},"2":{"start":{"line":3,"column":19},"end":{"line":3,"column":50}},"3":{"start":{"line":4,"column":19},"end":{"line":4,"column":47}},"4":{"start":{"line":5,"column":19},"end":{"line":5,"column":46}},"5":{"start":{"line":6,"column":19},"end":{"line":6,"column":45}},"6":{"start":{"line":7,"column":19},"end":{"line":7,"column":49}},"7":{"start":{"line":8,"column":19},"end":{"line":8,"column":53}},"8":{"start":{"line":9,"column":19},"end":{"line":9,"column":37}},"9":{"start":{"line":11,"column":0},"end":{"line":21,"column":1}},"10":{"start":{"line":12,"column":4},"end":{"line":12,"column":28}},"11":{"start":{"line":13,"column":4},"end":{"line":13,"column":40}},"12":{"start":{"line":14,"column":4},"end":{"line":14,"column":36}},"13":{"start":{"line":15,"column":4},"end":{"line":15,"column":36}},"14":{"start":{"line":16,"column":4},"end":{"line":16,"column":35}},"15":{"start":{"line":17,"column":4},"end":{"line":17,"column":34}},"16":{"start":{"line":18,"column":4},"end":{"line":18,"column":33}},"17":{"start":{"line":19,"column":4},"end":{"line":19,"column":30}},"18":{"start":{"line":20,"column":4},"end":{"line":20,"column":19}}},"fnMap":{"0":{"name":"(anonymous_0)","decl":{"start":{"line":11,"column":17},"end":{"line":11,"column":18}},"loc":{"start":{"line":11,"column":32},"end":{"line":21,"column":1}},"line":11}},"branchMap":{},"s":{"0":3,"1":3,"2":3,"3":3,"4":3,"5":3,"6":3,"7":3,"8":3,"9":3,"10":3,"11":3,"12":3,"13":3,"14":3,"15":3,"16":3,"17":3,"18":3},"f":{"0":3},"b":{},"_coverageSchema":"1a1c01bbd47fc00a2c39e90264f33305004495a9","hash":"45093aa98b0ee2a446f332b956e72cd8bc4cff0e"}
}
