TN:
SF:index.js
FN:13,(anonymous_0)
FNF:1
FNH:1
FNDA:2,(anonymous_0)
DA:1,3
DA:2,3
DA:3,3
DA:5,3
DA:6,3
DA:7,3
DA:8,3
DA:9,3
DA:12,3
DA:13,3
DA:15,3
LF:11
LH:11
BRDA:12,0,0,3
BRDA:12,0,1,3
BRF:2
BRH:2
end_of_record
TN:
SF:middleware\admin.js
FN:1,(anonymous_0)
FNF:1
FNH:0
FNDA:0,(anonymous_0)
DA:1,3
DA:2,0
DA:4,0
LF:3
LH:1
BRDA:2,0,0,0
BRDA:2,0,1,0
BRF:2
BRH:0
end_of_record
TN:
SF:middleware\auth.js
FN:4,auth
FNF:1
FNH:1
FNDA:8,auth
DA:1,3
DA:2,3
DA:6,8
DA:7,8
DA:8,8
DA:10,6
DA:11,6
DA:12,5
DA:13,5
DA:16,1
DA:20,3
LF:11
LH:11
BRDA:8,0,0,2
BRDA:8,0,1,6
BRF:2
BRH:2
end_of_record
TN:
SF:middleware\error.js
FN:3,(anonymous_0)
FNF:1
FNH:1
FNDA:1,(anonymous_0)
DA:1,3
DA:3,3
DA:13,1
LF:3
LH:3
BRF:0
BRH:0
end_of_record
TN:
SF:model\customers.js
FNF:0
FNH:0
DA:1,3
DA:3,3
DA:19,3
DA:21,3
LF:4
LH:4
BRF:0
BRH:0
end_of_record
TN:
SF:model\genres.js
FN:14,validateGenre
FNF:1
FNH:0
FNDA:0,validateGenre
DA:1,3
DA:3,3
DA:12,3
DA:15,0
DA:19,0
DA:22,3
DA:23,3
LF:7
LH:5
BRF:0
BRH:0
end_of_record
TN:
SF:model\movies.js
FNF:0
FNH:0
DA:1,3
DA:2,3
DA:4,3
DA:26,3
DA:28,3
LF:5
LH:5
BRF:0
BRH:0
end_of_record
TN:
SF:model\rental.js
FN:59,validateRental
FNF:1
FNH:0
FNDA:0,validateRental
DA:1,3
DA:2,3
DA:4,3
DA:60,0
DA:65,0
DA:68,3
LF:6
LH:4
BRF:0
BRH:0
end_of_record
TN:
SF:model\users.js
FN:28,(anonymous_0)
FNF:1
FNH:1
FNDA:8,(anonymous_0)
DA:1,4
DA:2,4
DA:3,4
DA:5,4
DA:28,4
DA:29,8
DA:30,8
DA:33,4
DA:35,4
LF:9
LH:9
BRF:0
BRH:0
end_of_record
TN:
SF:routers\auth.js
FN:10,(anonymous_0)
FN:26,validate
FNF:2
FNH:0
FNDA:0,(anonymous_0)
FNDA:0,validate
DA:1,3
DA:2,3
DA:3,3
DA:4,3
DA:5,3
DA:6,3
DA:7,3
DA:8,3
DA:10,3
DA:12,0
DA:13,0
DA:15,0
DA:16,0
DA:18,0
DA:19,0
DA:22,0
DA:23,0
DA:27,0
DA:28,0
DA:29,0
DA:32,3
LF:21
LH:10
BRDA:13,0,0,0
BRDA:13,0,1,0
BRDA:16,1,0,0
BRDA:16,1,1,0
BRDA:19,2,0,0
BRDA:19,2,1,0
BRDA:27,3,0,0
BRDA:27,3,1,0
BRDA:27,4,0,0
BRDA:27,4,1,0
BRF:10
BRH:0
end_of_record
TN:
SF:routers\customers.js
FN:7,(anonymous_0)
FN:13,(anonymous_1)
FN:21,(anonymous_2)
FN:39,(anonymous_3)
FN:55,(anonymous_4)
FNF:5
FNH:0
FNDA:0,(anonymous_0)
FNDA:0,(anonymous_1)
FNDA:0,(anonymous_2)
FNDA:0,(anonymous_3)
FNDA:0,(anonymous_4)
DA:1,3
DA:2,3
DA:3,3
DA:4,3
DA:7,3
DA:9,0
DA:10,0
DA:13,3
DA:15,0
DA:16,0
DA:18,0
DA:21,3
DA:23,0
DA:29,0
DA:30,0
DA:31,0
DA:34,0
DA:39,3
DA:41,0
DA:47,0
DA:48,0
DA:51,0
DA:55,3
DA:56,0
DA:57,0
DA:59,0
DA:60,0
DA:63,0
DA:67,3
LF:29
LH:10
BRDA:16,0,0,0
BRDA:16,0,1,0
BRDA:57,1,0,0
BRDA:57,1,1,0
BRF:4
BRH:0
end_of_record
TN:
SF:routers\genres.js
FN:11,(anonymous_0)
FN:23,(anonymous_1)
FN:36,(anonymous_2)
FN:50,(anonymous_3)
FN:63,(anonymous_4)
FNF:5
FNH:3
FNDA:1,(anonymous_0)
FNDA:1,(anonymous_1)
FNDA:4,(anonymous_2)
FNDA:0,(anonymous_3)
FNDA:0,(anonymous_4)
DA:1,3
DA:2,3
DA:3,3
DA:4,3
DA:5,3
DA:6,3
DA:11,3
DA:12,1
DA:13,1
DA:14,1
DA:17,0
DA:23,3
DA:24,1
DA:25,1
DA:27,0
DA:28,0
DA:30,0
DA:36,3
DA:37,4
DA:39,4
DA:40,0
DA:42,4
DA:44,4
DA:45,3
DA:50,3
DA:51,0
DA:52,0
DA:54,0
DA:56,0
DA:58,0
DA:63,3
DA:64,0
DA:65,0
DA:67,0
DA:78,3
LF:35
LH:22
BRDA:24,0,0,1
BRDA:24,0,1,0
BRDA:28,1,0,0
BRDA:28,1,1,0
BRDA:39,2,0,0
BRDA:39,2,1,4
BRDA:39,3,0,4
BRDA:39,3,1,4
BRDA:51,4,0,0
BRDA:51,4,1,0
BRDA:51,5,0,0
BRDA:51,5,1,0
BRDA:56,6,0,0
BRDA:56,6,1,0
BRDA:65,7,0,0
BRDA:65,7,1,0
BRF:16
BRH:4
end_of_record
TN:
SF:routers\movies.js
FN:10,(anonymous_0)
FN:17,(anonymous_1)
FN:27,(anonymous_2)
FN:46,(anonymous_3)
FN:64,(anonymous_4)
FNF:5
FNH:0
FNDA:0,(anonymous_0)
FNDA:0,(anonymous_1)
FNDA:0,(anonymous_2)
FNDA:0,(anonymous_3)
FNDA:0,(anonymous_4)
DA:1,3
DA:2,3
DA:3,3
DA:4,3
DA:5,3
DA:10,3
DA:11,0
DA:12,0
DA:17,3
DA:18,0
DA:19,0
DA:21,0
DA:27,3
DA:28,0
DA:30,0
DA:40,0
DA:41,0
DA:46,3
DA:47,0
DA:59,0
DA:64,3
DA:65,0
DA:66,0
DA:68,0
DA:71,3
LF:25
LH:11
BRDA:19,0,0,0
BRDA:19,0,1,0
BRDA:66,1,0,0
BRDA:66,1,1,0
BRF:4
BRH:0
end_of_record
TN:
SF:routers\rental.js
FN:11,(anonymous_0)
FN:16,(anonymous_1)
FNF:2
FNH:0
FNDA:0,(anonymous_0)
FNDA:0,(anonymous_1)
DA:1,3
DA:2,3
DA:3,3
DA:4,3
DA:5,3
DA:6,3
DA:7,3
DA:9,3
DA:11,3
DA:12,0
DA:13,0
DA:16,3
DA:17,0
DA:18,0
DA:20,0
DA:21,0
DA:23,0
DA:24,0
DA:26,0
DA:28,0
DA:41,0
DA:42,0
DA:49,0
DA:52,0
DA:57,3
LF:25
LH:11
BRDA:18,0,0,0
BRDA:18,0,1,0
BRDA:21,1,0,0
BRDA:21,1,1,0
BRDA:24,2,0,0
BRDA:24,2,1,0
BRDA:26,3,0,0
BRDA:26,3,1,0
BRF:8
BRH:0
end_of_record
TN:
SF:routers\rentalReturn.js
FN:18,(anonymous_0)
FNF:1
FNH:0
FNDA:0,(anonymous_0)
DA:15,3
DA:16,3
DA:18,3
DA:19,0
DA:22,3
LF:5
LH:4
BRF:0
BRH:0
end_of_record
TN:
SF:routers\users.js
FN:9,(anonymous_0)
FN:14,(anonymous_1)
FN:19,(anonymous_2)
FN:39,validate
FNF:4
FNH:0
FNDA:0,(anonymous_0)
FNDA:0,(anonymous_1)
FNDA:0,(anonymous_2)
FNDA:0,validate
DA:1,3
DA:2,3
DA:3,3
DA:4,3
DA:5,3
DA:6,3
DA:7,3
DA:9,3
DA:10,0
DA:11,0
DA:14,3
DA:15,0
DA:16,0
DA:19,3
DA:20,0
DA:21,0
DA:23,0
DA:24,0
DA:26,0
DA:30,0
DA:31,0
DA:33,0
DA:35,0
DA:36,0
DA:40,0
DA:41,0
DA:42,0
DA:45,3
LF:28
LH:11
BRDA:21,0,0,0
BRDA:21,0,1,0
BRDA:24,1,0,0
BRDA:24,1,1,0
BRDA:40,2,0,0
BRDA:40,2,1,0
BRDA:40,3,0,0
BRDA:40,3,1,0
BRDA:40,3,2,0
BRF:9
BRH:0
end_of_record
TN:
SF:startup\config.js
FN:3,(anonymous_0)
FNF:1
FNH:1
FNDA:3,(anonymous_0)
DA:1,3
DA:3,3
DA:4,3
DA:5,0
LF:4
LH:3
BRDA:4,0,0,0
BRDA:4,0,1,3
BRF:2
BRH:1
end_of_record
TN:
SF:startup\db.js
FN:5,(anonymous_0)
FN:7,(anonymous_1)
FN:8,(anonymous_2)
FNF:3
FNH:2
FNDA:3,(anonymous_0)
FNDA:2,(anonymous_1)
FNDA:0,(anonymous_2)
DA:2,3
DA:3,3
DA:5,3
DA:6,3
DA:7,2
DA:8,0
LF:6
LH:5
BRF:0
BRH:0
end_of_record
TN:
SF:startup\logins.js
FN:6,(anonymous_0)
FN:10,(anonymous_1)
FNF:2
FNH:0
FNDA:0,(anonymous_0)
FNDA:0,(anonymous_1)
DA:1,3
DA:2,3
DA:3,3
DA:4,3
DA:6,3
DA:7,0
DA:8,0
DA:10,0
DA:11,0
DA:14,0
DA:15,0
LF:11
LH:5
BRF:0
BRH:0
end_of_record
TN:
SF:startup\prod.js
FN:4,(anonymous_0)
FNF:1
FNH:1
FNDA:3,(anonymous_0)
DA:1,3
DA:2,3
DA:4,3
DA:5,3
DA:6,3
LF:5
LH:5
BRF:0
BRH:0
end_of_record
TN:
SF:startup\routes.js
FN:11,(anonymous_0)
FNF:1
FNH:1
FNDA:3,(anonymous_0)
DA:1,3
DA:2,3
DA:3,3
DA:4,3
DA:5,3
DA:6,3
DA:7,3
DA:8,3
DA:9,3
DA:11,3
DA:12,3
DA:13,3
DA:14,3
DA:15,3
DA:16,3
DA:17,3
DA:18,3
DA:19,3
DA:20,3
LF:19
LH:19
BRF:0
BRH:0
end_of_record
